<?xml version="1.0" encoding="UTF-8"?>
<!-- Generated by org.testng.reporters.JUnitReportReporter -->
<testsuite hostname="DESKTOP-H99G7ME" failures="0" tests="2" name="TESTNG.Demo2" time="0.002" errors="0" timestamp="2022-09-10T14:20:19 IST" skipped="1">
  <testcase classname="TESTNG.Demo2" name="secondclass" time="0.002"/>
  <system-out/>
  <testcase classname="TESTNG.Demo2" name="fourthclaslogins">
    <skipped/>
  </testcase> <!-- fourthclaslogins -->
  <system-out/>
</testsuite> <!-- TESTNG.Demo2 -->
