<?xml version="1.0" encoding="UTF-8"?>
<!-- Generated by org.testng.reporters.JUnitReportReporter -->
<testsuite hostname="DESKTOP-H99G7ME" failures="0" tests="1" name="TESTNG.Demo" time="0.014" errors="0" timestamp="2022-09-10T14:20:19 IST" skipped="0">
  <testcase classname="TESTNG.Demo" name="simple" time="0.014"/>
  <system-out/>
</testsuite> <!-- TESTNG.Demo -->
