<?xml version="1.0" encoding="UTF-8"?>
<!-- Generated by org.testng.reporters.JUnitReportReporter -->
<testsuite hostname="DESKTOP-H99G7ME" failures="0" tests="1" name="TESTNG.Demo1" time="0.002" errors="0" timestamp="2022-09-10T14:20:19 IST" skipped="0">
  <testcase classname="TESTNG.Demo1" name="Secondclass" time="0.002"/>
  <system-out/>
</testsuite> <!-- TESTNG.Demo1 -->
