<?xml version="1.0" encoding="UTF-8"?>
<!-- Generated by org.testng.reporters.JUnitReportReporter -->
<testsuite hostname="DESKTOP-H99G7ME" failures="0" tests="3" name="TESTNG.Login" time="0.009" errors="0" timestamp="2022-09-10T14:20:19 IST" skipped="0">
  <testcase classname="TESTNG.Login" name="personalloan" time="0.004"/>
  <system-out/>
  <testcase classname="TESTNG.Login" name="carloan" time="0.002"/>
  <system-out/>
  <testcase classname="TESTNG.Login" name="homeloan" time="0.003"/>
  <system-out/>
</testsuite> <!-- TESTNG.Login -->
